[0.029s] Invoking command in '/home/nyf/code/ROS2_workspace/mavROS_test/build/mavROS_test': CMAKE_PREFIX_PATH=${CMAKE_PREFIX_PATH}:/opt/ros/jazzy DEBUGINFOD_URLS=https://debuginfod.ubuntu.com /usr/bin/cmake --build /home/nyf/code/ROS2_workspace/mavROS_test/build/mavROS_test -- -j8 -l8
[0.131s] -- Found ament_cmake: 2.5.2 (/opt/ros/jazzy/share/ament_cmake/cmake)
[0.590s] -- Found rclcpp: 28.1.5 (/opt/ros/jazzy/share/rclcpp/cmake)
[0.636s] -- Found rosidl_generator_c: 4.6.4 (/opt/ros/jazzy/share/rosidl_generator_c/cmake)
[0.652s] -- Found rosidl_generator_cpp: 4.6.4 (/opt/ros/jazzy/share/rosidl_generator_cpp/cmake)
[0.672s] -- Using all available rosidl_typesupport_c: rosidl_typesupport_fastrtps_c;rosidl_typesupport_introspection_c
[0.695s] -- Using all available rosidl_typesupport_cpp: rosidl_typesupport_fastrtps_cpp;rosidl_typesupport_introspection_cpp
[0.789s] -- Found rmw_implementation_cmake: 7.3.1 (/opt/ros/jazzy/share/rmw_implementation_cmake/cmake)
[0.791s] -- Found rmw_fastrtps_cpp: 8.4.1 (/opt/ros/jazzy/share/rmw_fastrtps_cpp/cmake)
[0.911s] -- Using RMW implementation 'rmw_fastrtps_cpp' as default
[1.009s] -- Found mavros_msgs: 2.8.0 (/opt/ros/jazzy/share/mavros_msgs/cmake)
[1.393s] -- Found ament_lint_auto: 0.17.1 (/opt/ros/jazzy/share/ament_lint_auto/cmake)
[1.513s] WARNING: Package name "mavROS_test" does not follow the naming conventions. It should start with a lower case letter and only contain lower case letters, digits, underscores, and dashes.
[1.569s] -- Added test 'cppcheck' to perform static code analysis on C / C++ code
[1.570s] -- Configured cppcheck include dirs: $<BUILD_INTERFACE:/home/nyf/code/ROS2_workspace/mavROS_test/src/mavROS_test/include>
[1.573s] -- Configured cppcheck exclude dirs and/or files: 
[1.573s] -- Added test 'lint_cmake' to check CMake code style
[1.573s] -- Added test 'uncrustify' to check C / C++ code style
[1.573s] -- Configured uncrustify additional arguments: 
[1.573s] -- Added test 'xmllint' to check XML markup files
[1.574s] -- Configuring done (1.4s)
[1.598s] -- Generating done (0.0s)
[1.601s] -- Build files have been written to: /home/nyf/code/ROS2_workspace/mavROS_test/build/mavROS_test
[1.727s] [ 50%] [32mBuilding CXX object CMakeFiles/mavROS_test.dir/src/mavROS_test.cpp.o[0m
[6.157s] [01m[K/home/nyf/code/ROS2_workspace/mavROS_test/src/mavROS_test/src/mavROS_test.cpp:8:29:[m[K [01;35m[Kwarning: [m[Kuse of â€˜[01m[Kauto[m[Kâ€™ in parameter declaration only available with â€˜[01m[K-std=c++20[m[Kâ€™ or â€˜[01m[K-fconcepts[m[Kâ€™
[6.157s]     8 | void print(const char* msg, [01;35m[Kauto[m[K data){
[6.158s]       |                             [01;35m[K^~~~[m[K
[6.159s] [01m[K/home/nyf/code/ROS2_workspace/mavROS_test/src/mavROS_test/src/mavROS_test.cpp:[m[K In function â€˜[01m[Kvoid[01;32m[K print[m[K(const char*, auto:45)[m[Kâ€™:
[6.160s] [01m[K/home/nyf/code/ROS2_workspace/mavROS_test/src/mavROS_test/src/mavROS_test.cpp:9:40:[m[K [01;31m[Kerror: [m[Kâ€˜[01m[Kendl[m[Kâ€™ was not declared in this scope; did you mean â€˜[01m[Kstd::endl[m[Kâ€™?
[6.160s]     9 |     std::cout << msg << ":" << data << [01;31m[Kendl[m[K;
[6.161s]       |                                        [01;31m[K^~~~[m[K
[6.161s]       |                                        [32m[Kstd::endl[m[K
[6.162s] In file included from [01m[K/usr/include/c++/13/istream:41[m[K,
[6.162s]                  from [01m[K/usr/include/c++/13/sstream:40[m[K,
[6.163s]                  from [01m[K/opt/ros/jazzy/include/rcl_interfaces/rcl_interfaces/srv/detail/list_parameters__traits.hpp:13[m[K,
[6.163s]                  from [01m[K/opt/ros/jazzy/include/rcl_interfaces/rcl_interfaces/srv/list_parameters.hpp:9[m[K,
[6.164s]                  from [01m[K/opt/ros/jazzy/include/rclcpp/rclcpp/copy_all_parameter_values.hpp:21[m[K,
[6.164s]                  from [01m[K/opt/ros/jazzy/include/rclcpp/rclcpp/rclcpp.hpp:171[m[K,
[6.165s]                  from [01m[K/home/nyf/code/ROS2_workspace/mavROS_test/src/mavROS_test/src/mavROS_test.cpp:1[m[K:
[6.165s] [01m[K/usr/include/c++/13/ostream:735:5:[m[K [01;36m[Knote: [m[Kâ€˜[01m[Kstd::endl[m[Kâ€™ declared here
[6.166s]   735 |     [01;36m[Kendl[m[K(basic_ostream<_CharT, _Traits>& __os)
[6.166s]       |     [01;36m[K^~~~[m[K
[9.981s] gmake[2]: *** [CMakeFiles/mavROS_test.dir/build.make:76: CMakeFiles/mavROS_test.dir/src/mavROS_test.cpp.o] Error 1
[9.982s] gmake[1]: *** [CMakeFiles/Makefile2:137: CMakeFiles/mavROS_test.dir/all] Error 2
[9.982s] gmake: *** [Makefile:146: all] Error 2
[9.986s] Invoked command in '/home/nyf/code/ROS2_workspace/mavROS_test/build/mavROS_test' returned '2': CMAKE_PREFIX_PATH=${CMAKE_PREFIX_PATH}:/opt/ros/jazzy DEBUGINFOD_URLS=https://debuginfod.ubuntu.com /usr/bin/cmake --build /home/nyf/code/ROS2_workspace/mavROS_test/build/mavROS_test -- -j8 -l8
