[ 50%] [32mBuilding CXX object CMakeFiles/mavROS_test.dir/src/mavROS_test.cpp.o[0m
[100%] [32m[1mLinking CXX executable mavROS_test[0m
/usr/bin/ld: /usr/lib/gcc/aarch64-linux-gnu/13/../../../aarch64-linux-gnu/Scrt1.o: in function `_start':
(.text+0x1c): undefined reference to `main'
/usr/bin/ld: (.text+0x20): undefined reference to `main'
collect2: error: ld returned 1 exit status
gmake[2]: *** [CMakeFiles/mavROS_test.dir/build.make:208ï¼šmavROS_test] é”™è¯¯ 1
gmake[1]: *** [CMakeFiles/Makefile2:137ï¼šCMakeFiles/mavROS_test.dir/all] é”™è¯¯ 2
gmake: *** [Makefile:146ï¼šall] é”™è¯¯ 2
