[0.068s] Invoking command in '/home/nyf/Code/Opi-VIO-FPV/build/mavROS_test': CMAKE_PREFIX_PATH=${CMAKE_PREFIX_PATH}:/opt/ros/jazzy DEBUGINFOD_URLS=https://debuginfod.ubuntu.com /usr/bin/cmake --build /home/nyf/Code/Opi-VIO-FPV/build/mavROS_test -- -j8 -l8
[15.742s] [ 33%] [32mBuilding CXX object CMakeFiles/mavROS_test.dir/src/key_input.cpp.o[0m
[15.760s] [ 66%] [32mBuilding CXX object CMakeFiles/mavROS_test.dir/src/mavros_offboard.cpp.o[0m
[23.632s] [01m[K/home/nyf/Code/Opi-VIO-FPV/src/mavROS_test/src/key_input.cpp:13:1:[m[K [01;31m[Kerror: [m[K‘[01m[Kdev[m[K’ does not name a type; did you mean ‘[01m[Kdev_t[m[K’?
[23.632s]    13 | [01;31m[Kdev[m[K = nullptr;
[23.632s]       | [01;31m[K^~~[m[K
[23.633s]       | [32m[Kdev_t[m[K
[23.681s] gmake[2]: *** [CMakeFiles/mavROS_test.dir/build.make:76：CMakeFiles/mavROS_test.dir/src/key_input.cpp.o] 错误 1
[23.681s] gmake[2]: *** 正在等待未完成的任务....
[37.132s] gmake[1]: *** [CMakeFiles/Makefile2:137：CMakeFiles/mavROS_test.dir/all] 错误 2
[37.132s] gmake: *** [Makefile:146：all] 错误 2
[37.139s] Invoked command in '/home/nyf/Code/Opi-VIO-FPV/build/mavROS_test' returned '2': CMAKE_PREFIX_PATH=${CMAKE_PREFIX_PATH}:/opt/ros/jazzy DEBUGINFOD_URLS=https://debuginfod.ubuntu.com /usr/bin/cmake --build /home/nyf/Code/Opi-VIO-FPV/build/mavROS_test -- -j8 -l8
