[0.018s] Invoking command in '/home/nyf/code/ROS2_workspace/mavROS_test/build/mavROS_test': CMAKE_PREFIX_PATH=${CMAKE_PREFIX_PATH}:/opt/ros/jazzy DEBUGINFOD_URLS=https://debuginfod.ubuntu.com /usr/bin/cmake /home/nyf/code/ROS2_workspace/mavROS_test/src/mavROS_test -DCMAKE_INSTALL_PREFIX=/home/nyf/code/ROS2_workspace/mavROS_test/install/mavROS_test
[0.512s] -- The C compiler identification is GNU 13.2.0
[0.871s] -- The CXX compiler identification is GNU 13.2.0
[0.957s] -- Detecting C compiler ABI info
[1.336s] -- Detecting C compiler ABI info - done
[1.393s] -- Check for working C compiler: /usr/bin/cc - skipped
[1.415s] -- Detecting C compile features
[1.479s] -- Detecting C compile features - done
[2.604s] -- Detecting CXX compiler ABI info
[3.067s] -- Detecting CXX compiler ABI info - done
[3.119s] -- Check for working CXX compiler: /usr/bin/c++ - skipped
[3.120s] -- Detecting CXX compile features
[3.120s] -- Detecting CXX compile features - done
[3.280s] -- Found ament_cmake: 2.5.2 (/opt/ros/jazzy/share/ament_cmake/cmake)
[3.716s] -- Found Python3: /usr/bin/python3 (found version "3.12.3") found components: Interpreter 
[4.037s] -- Found rclcpp: 28.1.5 (/opt/ros/jazzy/share/rclcpp/cmake)
[4.182s] -- Found rosidl_generator_c: 4.6.4 (/opt/ros/jazzy/share/rosidl_generator_c/cmake)
[4.215s] -- Found rosidl_generator_cpp: 4.6.4 (/opt/ros/jazzy/share/rosidl_generator_cpp/cmake)
[4.268s] -- Using all available rosidl_typesupport_c: rosidl_typesupport_fastrtps_c;rosidl_typesupport_introspection_c
[4.342s] -- Using all available rosidl_typesupport_cpp: rosidl_typesupport_fastrtps_cpp;rosidl_typesupport_introspection_cpp
[4.568s] -- Found rmw_implementation_cmake: 7.3.1 (/opt/ros/jazzy/share/rmw_implementation_cmake/cmake)
[4.576s] -- Found rmw_fastrtps_cpp: 8.4.1 (/opt/ros/jazzy/share/rmw_fastrtps_cpp/cmake)
[4.899s] -- Found OpenSSL: /usr/lib/aarch64-linux-gnu/libcrypto.so (found version "3.0.13")  
[4.946s] -- Found FastRTPS: /opt/ros/jazzy/include (Required is at least version "2.13") 
[4.987s] -- Using RMW implementation 'rmw_fastrtps_cpp' as default
[5.188s] -- Found ament_lint_auto: 0.17.1 (/opt/ros/jazzy/share/ament_lint_auto/cmake)
[5.331s] WARNING: Package name "mavROS_test" does not follow the naming conventions. It should start with a lower case letter and only contain lower case letters, digits, underscores, and dashes.
[5.432s] -- Added test 'cppcheck' to perform static code analysis on C / C++ code
[5.432s] -- Configured cppcheck include dirs: $<BUILD_INTERFACE:/home/nyf/code/ROS2_workspace/mavROS_test/src/mavROS_test/include>
[5.432s] -- Configured cppcheck exclude dirs and/or files: 
[5.434s] -- Added test 'lint_cmake' to check CMake code style
[5.436s] -- Added test 'uncrustify' to check C / C++ code style
[5.436s] -- Configured uncrustify additional arguments: 
[5.438s] -- Added test 'xmllint' to check XML markup files
[5.441s] -- Configuring done (5.4s)
[5.461s] -- Generating done (0.0s)
[5.464s] -- Build files have been written to: /home/nyf/code/ROS2_workspace/mavROS_test/build/mavROS_test
[5.490s] Invoked command in '/home/nyf/code/ROS2_workspace/mavROS_test/build/mavROS_test' returned '0': CMAKE_PREFIX_PATH=${CMAKE_PREFIX_PATH}:/opt/ros/jazzy DEBUGINFOD_URLS=https://debuginfod.ubuntu.com /usr/bin/cmake /home/nyf/code/ROS2_workspace/mavROS_test/src/mavROS_test -DCMAKE_INSTALL_PREFIX=/home/nyf/code/ROS2_workspace/mavROS_test/install/mavROS_test
[5.491s] Invoking command in '/home/nyf/code/ROS2_workspace/mavROS_test/build/mavROS_test': CMAKE_PREFIX_PATH=${CMAKE_PREFIX_PATH}:/opt/ros/jazzy DEBUGINFOD_URLS=https://debuginfod.ubuntu.com /usr/bin/cmake --build /home/nyf/code/ROS2_workspace/mavROS_test/build/mavROS_test -- -j8 -l8
[5.712s] [ 50%] [32mBuilding CXX object CMakeFiles/mavROS_test.dir/src/mavROS_test.cpp.o[0m
[6.152s] [01m[K/home/nyf/code/ROS2_workspace/mavROS_test/src/mavROS_test/src/mavROS_test.cpp:2:10:[m[K [01;31m[Kfatal error: [m[Kmavros_msgs/msg/state.hpp: No such file or directory
[6.153s]     2 | #include [01;31m[K"mavros_msgs/msg/state.hpp"[m[K
[6.153s]       |          [01;31m[K^~~~~~~~~~~~~~~~~~~~~~~~~~~[m[K
[6.153s] compilation terminated.
[6.162s] gmake[2]: *** [CMakeFiles/mavROS_test.dir/build.make:76: CMakeFiles/mavROS_test.dir/src/mavROS_test.cpp.o] Error 1
[6.164s] gmake[1]: *** [CMakeFiles/Makefile2:137: CMakeFiles/mavROS_test.dir/all] Error 2
[6.164s] gmake: *** [Makefile:146: all] Error 2
[6.168s] Invoked command in '/home/nyf/code/ROS2_workspace/mavROS_test/build/mavROS_test' returned '2': CMAKE_PREFIX_PATH=${CMAKE_PREFIX_PATH}:/opt/ros/jazzy DEBUGINFOD_URLS=https://debuginfod.ubuntu.com /usr/bin/cmake --build /home/nyf/code/ROS2_workspace/mavROS_test/build/mavROS_test -- -j8 -l8
