[0.032s] Invoking command in '/home/nyf/code/ROS2_workspace/mavROS_test/build/mavROS_test': CMAKE_PREFIX_PATH=${CMAKE_PREFIX_PATH}:/opt/ros/jazzy DEBUGINFOD_URLS=https://debuginfod.ubuntu.com /usr/bin/cmake --build /home/nyf/code/ROS2_workspace/mavROS_test/build/mavROS_test -- -j8 -l8
[0.386s] [ 50%] [32mBuilding CXX object CMakeFiles/mavROS_test.dir/src/mavROS_test.cpp.o[0m
[0.861s] [01m[K/home/nyf/code/ROS2_workspace/mavROS_test/src/mavROS_test/src/mavROS_test.cpp:5:10:[m[K [01;31m[Kfatal error: [m[Kinclude/mavROS_test.hpp: No such file or directory
[0.862s]     5 | #include [01;31m[K"include/mavROS_test.hpp"[m[K
[0.862s]       |          [01;31m[K^~~~~~~~~~~~~~~~~~~~~~~~~[m[K
[0.862s] compilation terminated.
[0.872s] gmake[2]: *** [CMakeFiles/mavROS_test.dir/build.make:76: CMakeFiles/mavROS_test.dir/src/mavROS_test.cpp.o] Error 1
[0.874s] gmake[1]: *** [CMakeFiles/Makefile2:137: CMakeFiles/mavROS_test.dir/all] Error 2
[0.875s] gmake: *** [Makefile:146: all] Error 2
[0.878s] Invoked command in '/home/nyf/code/ROS2_workspace/mavROS_test/build/mavROS_test' returned '2': CMAKE_PREFIX_PATH=${CMAKE_PREFIX_PATH}:/opt/ros/jazzy DEBUGINFOD_URLS=https://debuginfod.ubuntu.com /usr/bin/cmake --build /home/nyf/code/ROS2_workspace/mavROS_test/build/mavROS_test -- -j8 -l8
