[0.023s] Invoking command in '/home/nyf/Code/Opi-VIO-FPV/build/mavROS_test': CMAKE_PREFIX_PATH=${CMAKE_PREFIX_PATH}:/opt/ros/jazzy DEBUGINFOD_URLS=https://debuginfod.ubuntu.com /usr/bin/cmake --build /home/nyf/Code/Opi-VIO-FPV/build/mavROS_test -- -j8 -l8
[0.065s] -- Found ament_cmake: 2.5.2 (/opt/ros/jazzy/share/ament_cmake/cmake)
[0.483s] -- Found rclcpp: 28.1.5 (/opt/ros/jazzy/share/rclcpp/cmake)
[0.523s] -- Found rosidl_generator_c: 4.6.4 (/opt/ros/jazzy/share/rosidl_generator_c/cmake)
[0.538s] -- Found rosidl_generator_cpp: 4.6.4 (/opt/ros/jazzy/share/rosidl_generator_cpp/cmake)
[0.556s] -- Using all available rosidl_typesupport_c: rosidl_typesupport_fastrtps_c;rosidl_typesupport_introspection_c
[0.576s] -- Using all available rosidl_typesupport_cpp: rosidl_typesupport_fastrtps_cpp;rosidl_typesupport_introspection_cpp
[0.667s] -- Found rmw_implementation_cmake: 7.3.1 (/opt/ros/jazzy/share/rmw_implementation_cmake/cmake)
[0.669s] -- Found rmw_fastrtps_cpp: 8.4.1 (/opt/ros/jazzy/share/rmw_fastrtps_cpp/cmake)
[0.775s] -- Using RMW implementation 'rmw_fastrtps_cpp' as default
[0.870s] -- Found mavros_msgs: 2.9.0 (/opt/ros/jazzy/share/mavros_msgs/cmake)
[1.137s] -- Found ament_lint_auto: 0.17.1 (/opt/ros/jazzy/share/ament_lint_auto/cmake)
[1.288s] WARNING: Package name "mavROS_test" does not follow the naming conventions. It should start with a lower case letter and only contain lower case letters, digits, underscores, and dashes.
[1.335s] -- Added test 'cppcheck' to perform static code analysis on C / C++ code
[1.336s] -- Configured cppcheck include dirs: $<BUILD_INTERFACE:/home/nyf/Code/Opi-VIO-FPV/src/mavROS_test/include>
[1.336s] -- Configured cppcheck exclude dirs and/or files: 
[1.336s] -- Added test 'lint_cmake' to check CMake code style
[1.337s] -- Added test 'uncrustify' to check C / C++ code style
[1.337s] -- Configured uncrustify additional arguments: 
[1.338s] -- Added test 'xmllint' to check XML markup files
[1.339s] -- Configuring done (1.3s)
[1.371s] -- Generating done (0.0s)
[1.374s] -- Build files have been written to: /home/nyf/Code/Opi-VIO-FPV/build/mavROS_test
[1.459s] [ 33%] [32mBuilding CXX object CMakeFiles/mavROS_test.dir/src/key_input.cpp.o[0m
[6.301s] [01m[K/home/nyf/Code/Opi-VIO-FPV/src/mavROS_test/src/key_input.cpp:16:48:[m[K [01;31m[Kerror: [m[Kexpected unqualified-id before â€˜[01m[K{[m[Kâ€™ token
[6.301s]    16 |     KeyboardReader() : Node("keyboard_reader");[01;31m[K{[m[K
[6.301s]       |                                                [01;31m[K^[m[K
[6.302s] [01m[K/home/nyf/Code/Opi-VIO-FPV/src/mavROS_test/src/key_input.cpp:[m[K In constructor â€˜[01m[KKeyboardReader::[01;32m[KKeyboardReader[m[K()[m[Kâ€™:
[6.303s] [01m[K/home/nyf/Code/Opi-VIO-FPV/src/mavROS_test/src/key_input.cpp:16:47:[m[K [01;31m[Kerror: [m[Kexpected â€˜[01m[K{[m[Kâ€™ at end of input
[6.303s]    16 |     KeyboardReader() : Node("keyboard_reader")[01;31m[K;[m[K{
[6.303s]       |                                               [01;31m[K^[m[K
[6.315s] [01m[K/home/nyf/Code/Opi-VIO-FPV/src/mavROS_test/src/key_input.cpp:[m[K In destructor â€˜[01m[Kvirtual KeyboardReader::[01;32m[K~KeyboardReader[m[K()[m[Kâ€™:
[6.315s] [01m[K/home/nyf/Code/Opi-VIO-FPV/src/mavROS_test/src/key_input.cpp:33:43:[m[K [01;31m[Kerror: [m[Kâ€˜[01m[Kold_tio_[m[Kâ€™ was not declared in this scope
[6.316s]    33 |         tcsetattr(STDIN_FILENO, TCSANOW, &[01;31m[Kold_tio_[m[K);
[6.316s]       |                                           [01;31m[K^~~~~~~~[m[K
[6.330s] [01m[K/home/nyf/Code/Opi-VIO-FPV/src/mavROS_test/src/key_input.cpp:[m[K In member function â€˜[01m[KKeyInput KeyboardReader::[01;32m[Kget_last_key_input[m[K() const[m[Kâ€™:
[6.330s] [01m[K/home/nyf/Code/Opi-VIO-FPV/src/mavROS_test/src/key_input.cpp:38:16:[m[K [01;31m[Kerror: [m[Kâ€˜[01m[Klast_key_input_[m[Kâ€™ was not declared in this scope; did you mean â€˜[01m[Kget_last_key_input[m[Kâ€™?
[6.330s]    38 |         return [01;31m[Klast_key_input_[m[K;
[6.330s]       |                [01;31m[K^~~~~~~~~~~~~~~[m[K
[6.330s]       |                [32m[Kget_last_key_input[m[K
[6.344s] [01m[K/home/nyf/Code/Opi-VIO-FPV/src/mavROS_test/src/key_input.cpp:[m[K In member function â€˜[01m[Kvoid KeyboardReader::[01;32m[Ktimer_callback[m[K()[m[Kâ€™:
[6.344s] [01m[K/home/nyf/Code/Opi-VIO-FPV/src/mavROS_test/src/key_input.cpp:45:13:[m[K [01;31m[Kerror: [m[Kâ€˜[01m[Klast_key_input_[m[Kâ€™ was not declared in this scope; did you mean â€˜[01m[Kget_last_key_input[m[Kâ€™?
[6.344s]    45 |             [01;31m[Klast_key_input_[m[K.key = key;
[6.344s]       |             [01;31m[K^~~~~~~~~~~~~~~[m[K
[6.344s]       |             [32m[Kget_last_key_input[m[K
[6.346s] [01m[K/home/nyf/Code/Opi-VIO-FPV/src/mavROS_test/src/key_input.cpp:52:24:[m[K [01;35m[Kwarning: [m[Kunused variable â€˜[01m[Kold_tio_[m[Kâ€™ [[01;35m[K]8;;https://gcc.gnu.org/onlinedocs/gcc/Warning-Options.html#index-Wunused-variable-Wunused-variable]8;;[m[K]
[6.346s]    52 |         struct termios [01;35m[Kold_tio_[m[K, new_tio_;
[6.346s]       |                        [01;35m[K^~~~~~~~[m[K
[6.346s] [01m[K/home/nyf/Code/Opi-VIO-FPV/src/mavROS_test/src/key_input.cpp:52:34:[m[K [01;35m[Kwarning: [m[Kunused variable â€˜[01m[Knew_tio_[m[Kâ€™ [[01;35m[K]8;;https://gcc.gnu.org/onlinedocs/gcc/Warning-Options.html#index-Wunused-variable-Wunused-variable]8;;[m[K]
[6.346s]    52 |         struct termios old_tio_, [01;35m[Knew_tio_[m[K;
[6.346s]       |                                  [01;35m[K^~~~~~~~[m[K
[7.555s] gmake[2]: *** [CMakeFiles/mavROS_test.dir/build.make:76ï¼šCMakeFiles/mavROS_test.dir/src/key_input.cpp.o] é”™è¯¯ 1
[7.556s] gmake[1]: *** [CMakeFiles/Makefile2:137ï¼šCMakeFiles/mavROS_test.dir/all] é”™è¯¯ 2
[7.556s] gmake: *** [Makefile:146ï¼šall] é”™è¯¯ 2
[7.560s] Invoked command in '/home/nyf/Code/Opi-VIO-FPV/build/mavROS_test' returned '2': CMAKE_PREFIX_PATH=${CMAKE_PREFIX_PATH}:/opt/ros/jazzy DEBUGINFOD_URLS=https://debuginfod.ubuntu.com /usr/bin/cmake --build /home/nyf/Code/Opi-VIO-FPV/build/mavROS_test -- -j8 -l8
