In file included from [01m[K/home/nyf/Code/Opi-VIO-FPV/src/mavROS_test/src/key_input.cpp:11[m[K:
[01m[K/home/nyf/Code/Opi-VIO-FPV/src/mavROS_test/include/key_input.hpp:13:25:[m[K [01;35m[Kwarning: [m[Kâ€˜[01m[Kdev[m[Kâ€™ initialized and declared â€˜[01m[Kextern[m[Kâ€™
   13 | extern struct libevdev* [01;35m[Kdev[m[K = nullptr;
      |                         [01;35m[K^~~[m[K
In file included from [01m[K/home/nyf/Code/Opi-VIO-FPV/src/mavROS_test/src/mavros_offboard.cpp:9[m[K:
[01m[K/home/nyf/Code/Opi-VIO-FPV/src/mavROS_test/include/key_input.hpp:13:25:[m[K [01;35m[Kwarning: [m[Kâ€˜[01m[Kdev[m[Kâ€™ initialized and declared â€˜[01m[Kextern[m[Kâ€™
   13 | extern struct libevdev* [01;35m[Kdev[m[K = nullptr;
      |                         [01;35m[K^~~[m[K
/usr/bin/ld: CMakeFiles/mavROS_test.dir/src/mavros_offboard.cpp.o:(.bss+0x0): multiple definition of `dev'; CMakeFiles/mavROS_test.dir/src/key_input.cpp.o:(.bss+0x0): first defined here
collect2: error: ld returned 1 exit status
gmake[2]: *** [CMakeFiles/mavROS_test.dir/build.make:224ï¼šmavROS_test] é”™è¯¯ 1
gmake[1]: *** [CMakeFiles/Makefile2:137ï¼šCMakeFiles/mavROS_test.dir/all] é”™è¯¯ 2
gmake: *** [Makefile:146ï¼šall] é”™è¯¯ 2
